running develop
running egg_info
creating my_behavior_tree.egg-info
writing my_behavior_tree.egg-info/PKG-INFO
writing dependency_links to my_behavior_tree.egg-info/dependency_links.txt
writing entry points to my_behavior_tree.egg-info/entry_points.txt
writing requirements to my_behavior_tree.egg-info/requires.txt
writing top-level names to my_behavior_tree.egg-info/top_level.txt
writing manifest file 'my_behavior_tree.egg-info/SOURCES.txt'
reading manifest file 'my_behavior_tree.egg-info/SOURCES.txt'
writing manifest file 'my_behavior_tree.egg-info/SOURCES.txt'
running build_ext
Creating /home/niweshsah/py_trees1_ws/src/install/my_behavior_tree/lib/python3.10/site-packages/my-behavior-tree.egg-link (link to .)
Installing simple_tree script to /home/niweshsah/py_trees1_ws/src/install/my_behavior_tree/lib/my_behavior_tree
Installing turtlebot_btree script to /home/niweshsah/py_trees1_ws/src/install/my_behavior_tree/lib/my_behavior_tree

Installed /home/niweshsah/py_trees1_ws/src/build/my_behavior_tree
running symlink_data
creating /home/niweshsah/py_trees1_ws/src/install/my_behavior_tree/share/ament_index
creating /home/niweshsah/py_trees1_ws/src/install/my_behavior_tree/share/ament_index/resource_index
creating /home/niweshsah/py_trees1_ws/src/install/my_behavior_tree/share/ament_index/resource_index/packages
symbolically linking /home/niweshsah/py_trees1_ws/src/build/my_behavior_tree/resource/my_behavior_tree -> /home/niweshsah/py_trees1_ws/src/install/my_behavior_tree/share/ament_index/resource_index/packages
symbolically linking /home/niweshsah/py_trees1_ws/src/build/my_behavior_tree/package.xml -> /home/niweshsah/py_trees1_ws/src/install/my_behavior_tree/share/my_behavior_tree
