[4.790s] Invoking command in '/home/niweshsah/py_trees1_ws/src/build/my_behavior_tree': PYTHONPATH=/home/niweshsah/py_trees1_ws/src/build/my_behavior_tree/prefix_override:/usr/lib/python3/dist-packages/colcon_core/task/python/colcon_distutils_commands:/home/niweshsah/py_trees1_ws/src/install/my_behavior_tree/lib/python3.10/site-packages:${PYTHONPATH} /usr/bin/python3 -W ignore:setup.py install is deprecated -W ignore:easy_install command is deprecated setup.py develop --editable --build-directory /home/niweshsah/py_trees1_ws/src/build/my_behavior_tree/build --no-deps symlink_data
[5.891s] running develop
[6.492s] running egg_info
[6.492s] creating my_behavior_tree.egg-info
[6.492s] writing my_behavior_tree.egg-info/PKG-INFO
[6.493s] writing dependency_links to my_behavior_tree.egg-info/dependency_links.txt
[6.493s] writing entry points to my_behavior_tree.egg-info/entry_points.txt
[6.494s] writing requirements to my_behavior_tree.egg-info/requires.txt
[6.494s] writing top-level names to my_behavior_tree.egg-info/top_level.txt
[6.494s] writing manifest file 'my_behavior_tree.egg-info/SOURCES.txt'
[6.501s] reading manifest file 'my_behavior_tree.egg-info/SOURCES.txt'
[6.503s] writing manifest file 'my_behavior_tree.egg-info/SOURCES.txt'
[6.510s] running build_ext
[6.511s] Creating /home/niweshsah/py_trees1_ws/src/install/my_behavior_tree/lib/python3.10/site-packages/my-behavior-tree.egg-link (link to .)
[6.512s] Installing simple_tree script to /home/niweshsah/py_trees1_ws/src/install/my_behavior_tree/lib/my_behavior_tree
[6.513s] Installing turtlebot_btree script to /home/niweshsah/py_trees1_ws/src/install/my_behavior_tree/lib/my_behavior_tree
[6.513s] 
[6.514s] Installed /home/niweshsah/py_trees1_ws/src/build/my_behavior_tree
[6.514s] running symlink_data
[6.514s] creating /home/niweshsah/py_trees1_ws/src/install/my_behavior_tree/share/ament_index
[6.514s] creating /home/niweshsah/py_trees1_ws/src/install/my_behavior_tree/share/ament_index/resource_index
[6.515s] creating /home/niweshsah/py_trees1_ws/src/install/my_behavior_tree/share/ament_index/resource_index/packages
[6.515s] symbolically linking /home/niweshsah/py_trees1_ws/src/build/my_behavior_tree/resource/my_behavior_tree -> /home/niweshsah/py_trees1_ws/src/install/my_behavior_tree/share/ament_index/resource_index/packages
[6.515s] symbolically linking /home/niweshsah/py_trees1_ws/src/build/my_behavior_tree/package.xml -> /home/niweshsah/py_trees1_ws/src/install/my_behavior_tree/share/my_behavior_tree
[6.614s] Invoked command in '/home/niweshsah/py_trees1_ws/src/build/my_behavior_tree' returned '0': PYTHONPATH=/home/niweshsah/py_trees1_ws/src/build/my_behavior_tree/prefix_override:/usr/lib/python3/dist-packages/colcon_core/task/python/colcon_distutils_commands:/home/niweshsah/py_trees1_ws/src/install/my_behavior_tree/lib/python3.10/site-packages:${PYTHONPATH} /usr/bin/python3 -W ignore:setup.py install is deprecated -W ignore:easy_install command is deprecated setup.py develop --editable --build-directory /home/niweshsah/py_trees1_ws/src/build/my_behavior_tree/build --no-deps symlink_data
