[0.389s] DEBUG:colcon:Command line arguments: ['/usr/bin/colcon', 'build', '--symlink-install']
[0.390s] DEBUG:colcon:Parsed command line arguments: Namespace(log_base=None, log_level=None, verb_name='build', build_base='build', install_base='install', merge_install=False, symlink_install=True, test_result_base=None, continue_on_error=False, executor='parallel', parallel_workers=8, event_handlers=None, ignore_user_meta=False, metas=['./colcon.meta'], base_paths=['.'], packages_ignore=None, packages_ignore_regex=None, paths=None, packages_up_to=None, packages_up_to_regex=None, packages_above=None, packages_above_and_dependencies=None, packages_above_depth=None, packages_select_by_dep=None, packages_skip_by_dep=None, packages_skip_up_to=None, packages_select_build_failed=False, packages_skip_build_finished=False, packages_select_test_failures=False, packages_skip_test_passed=False, packages_select=None, packages_skip=None, packages_select_regex=None, packages_skip_regex=None, packages_start=None, packages_end=None, allow_overriding=[], cmake_args=None, cmake_target=None, cmake_target_skip_unavailable=False, cmake_clean_cache=False, cmake_clean_first=False, cmake_force_configure=False, ament_cmake_args=None, catkin_cmake_args=None, catkin_skip_building_tests=False, mixin_files=None, mixin=None, verb_parser=<colcon_mixin.mixin.mixin_argument.MixinArgumentDecorator object at 0x7f2be9af9d20>, verb_extension=<colcon_core.verb.build.BuildVerb object at 0x7f2be9af9330>, main=<bound method BuildVerb.main of <colcon_core.verb.build.BuildVerb object at 0x7f2be9af9330>>, mixin_verb=('build',))
[1.658s] Level 1:colcon.colcon_core.package_discovery:discover_packages(colcon_meta) check parameters
[1.660s] Level 1:colcon.colcon_core.package_discovery:discover_packages(recursive) check parameters
[1.660s] Level 1:colcon.colcon_core.package_discovery:discover_packages(ignore) check parameters
[1.661s] Level 1:colcon.colcon_core.package_discovery:discover_packages(path) check parameters
[1.663s] Level 1:colcon.colcon_core.package_discovery:discover_packages(colcon_meta) discover
[1.664s] Level 1:colcon.colcon_core.package_discovery:discover_packages(recursive) discover
[1.665s] INFO:colcon.colcon_core.package_discovery:Crawling recursively for packages in '/home/niweshsah/py_trees1_ws/src'
[1.666s] Level 1:colcon.colcon_core.package_identification:_identify(.) by extensions ['ignore', 'ignore_ament_install']
[1.667s] Level 1:colcon.colcon_core.package_identification:_identify(.) by extension 'ignore'
[1.667s] Level 1:colcon.colcon_core.package_identification:_identify(.) by extension 'ignore_ament_install'
[1.668s] Level 1:colcon.colcon_core.package_identification:_identify(.) by extensions ['colcon_pkg']
[1.669s] Level 1:colcon.colcon_core.package_identification:_identify(.) by extension 'colcon_pkg'
[1.670s] Level 1:colcon.colcon_core.package_identification:_identify(.) by extensions ['colcon_meta']
[1.670s] Level 1:colcon.colcon_core.package_identification:_identify(.) by extension 'colcon_meta'
[1.671s] Level 1:colcon.colcon_core.package_identification:_identify(.) by extensions ['ros']
[1.672s] Level 1:colcon.colcon_core.package_identification:_identify(.) by extension 'ros'
[1.743s] Level 1:colcon.colcon_core.package_identification:_identify(.) by extensions ['cmake', 'python']
[1.744s] Level 1:colcon.colcon_core.package_identification:_identify(.) by extension 'cmake'
[1.744s] Level 1:colcon.colcon_core.package_identification:_identify(.) by extension 'python'
[1.745s] Level 1:colcon.colcon_core.package_identification:_identify(.) by extensions ['python_setup_py']
[1.745s] Level 1:colcon.colcon_core.package_identification:_identify(.) by extension 'python_setup_py'
[1.746s] Level 1:colcon.colcon_core.package_identification:_identify(bookstore_world) by extensions ['ignore', 'ignore_ament_install']
[1.747s] Level 1:colcon.colcon_core.package_identification:_identify(bookstore_world) by extension 'ignore'
[1.747s] Level 1:colcon.colcon_core.package_identification:_identify(bookstore_world) by extension 'ignore_ament_install'
[1.748s] Level 1:colcon.colcon_core.package_identification:_identify(bookstore_world) by extensions ['colcon_pkg']
[1.748s] Level 1:colcon.colcon_core.package_identification:_identify(bookstore_world) by extension 'colcon_pkg'
[1.748s] Level 1:colcon.colcon_core.package_identification:_identify(bookstore_world) by extensions ['colcon_meta']
[1.749s] Level 1:colcon.colcon_core.package_identification:_identify(bookstore_world) by extension 'colcon_meta'
[1.749s] Level 1:colcon.colcon_core.package_identification:_identify(bookstore_world) by extensions ['ros']
[1.750s] Level 1:colcon.colcon_core.package_identification:_identify(bookstore_world) by extension 'ros'
[1.759s] DEBUG:colcon.colcon_core.package_identification:Package 'bookstore_world' with type 'ros.ament_python' and name 'bookstore_world'
[1.760s] Level 1:colcon.colcon_core.package_identification:_identify(build) by extensions ['ignore', 'ignore_ament_install']
[1.760s] Level 1:colcon.colcon_core.package_identification:_identify(build) by extension 'ignore'
[1.761s] Level 1:colcon.colcon_core.package_identification:_identify(build) ignored
[1.761s] Level 1:colcon.colcon_core.package_identification:_identify(install) by extensions ['ignore', 'ignore_ament_install']
[1.762s] Level 1:colcon.colcon_core.package_identification:_identify(install) by extension 'ignore'
[1.766s] Level 1:colcon.colcon_core.package_identification:_identify(install) ignored
[1.767s] Level 1:colcon.colcon_core.package_identification:_identify(log) by extensions ['ignore', 'ignore_ament_install']
[1.767s] Level 1:colcon.colcon_core.package_identification:_identify(log) by extension 'ignore'
[1.768s] Level 1:colcon.colcon_core.package_identification:_identify(log) ignored
[1.769s] Level 1:colcon.colcon_core.package_identification:_identify(my_behavior_tree) by extensions ['ignore', 'ignore_ament_install']
[1.770s] Level 1:colcon.colcon_core.package_identification:_identify(my_behavior_tree) by extension 'ignore'
[1.771s] Level 1:colcon.colcon_core.package_identification:_identify(my_behavior_tree) by extension 'ignore_ament_install'
[1.771s] Level 1:colcon.colcon_core.package_identification:_identify(my_behavior_tree) by extensions ['colcon_pkg']
[1.772s] Level 1:colcon.colcon_core.package_identification:_identify(my_behavior_tree) by extension 'colcon_pkg'
[1.772s] Level 1:colcon.colcon_core.package_identification:_identify(my_behavior_tree) by extensions ['colcon_meta']
[1.772s] Level 1:colcon.colcon_core.package_identification:_identify(my_behavior_tree) by extension 'colcon_meta'
[1.773s] Level 1:colcon.colcon_core.package_identification:_identify(my_behavior_tree) by extensions ['ros']
[1.773s] Level 1:colcon.colcon_core.package_identification:_identify(my_behavior_tree) by extension 'ros'
[1.776s] DEBUG:colcon.colcon_core.package_identification:Package 'my_behavior_tree' with type 'ros.ament_python' and name 'my_behavior_tree'
[1.776s] Level 1:colcon.colcon_core.package_discovery:discover_packages(recursive) using defaults
[1.776s] Level 1:colcon.colcon_core.package_discovery:discover_packages(ignore) discover
[1.777s] Level 1:colcon.colcon_core.package_discovery:discover_packages(ignore) using defaults
[1.777s] Level 1:colcon.colcon_core.package_discovery:discover_packages(path) discover
[1.778s] Level 1:colcon.colcon_core.package_discovery:discover_packages(path) using defaults
[1.849s] Level 1:colcon.colcon_core.package_discovery:discover_packages(prefix_path) check parameters
[1.849s] Level 1:colcon.colcon_core.package_discovery:discover_packages(prefix_path) discover
[1.856s] DEBUG:colcon.colcon_installed_package_information.package_discovery:Found 3 installed packages in /home/niweshsah/py_trees1_ws/install
[1.864s] DEBUG:colcon.colcon_installed_package_information.package_discovery:Found 361 installed packages in /opt/ros/humble
[1.879s] Level 1:colcon.colcon_core.package_discovery:discover_packages(prefix_path) using defaults
[2.068s] Level 5:colcon.colcon_core.verb:set package 'bookstore_world' build argument 'cmake_args' from command line to 'None'
[2.069s] Level 5:colcon.colcon_core.verb:set package 'bookstore_world' build argument 'cmake_target' from command line to 'None'
[2.069s] Level 5:colcon.colcon_core.verb:set package 'bookstore_world' build argument 'cmake_target_skip_unavailable' from command line to 'False'
[2.069s] Level 5:colcon.colcon_core.verb:set package 'bookstore_world' build argument 'cmake_clean_cache' from command line to 'False'
[2.069s] Level 5:colcon.colcon_core.verb:set package 'bookstore_world' build argument 'cmake_clean_first' from command line to 'False'
[2.070s] Level 5:colcon.colcon_core.verb:set package 'bookstore_world' build argument 'cmake_force_configure' from command line to 'False'
[2.070s] Level 5:colcon.colcon_core.verb:set package 'bookstore_world' build argument 'ament_cmake_args' from command line to 'None'
[2.070s] Level 5:colcon.colcon_core.verb:set package 'bookstore_world' build argument 'catkin_cmake_args' from command line to 'None'
[2.070s] Level 5:colcon.colcon_core.verb:set package 'bookstore_world' build argument 'catkin_skip_building_tests' from command line to 'False'
[2.070s] DEBUG:colcon.colcon_core.verb:Building package 'bookstore_world' with the following arguments: {'ament_cmake_args': None, 'build_base': '/home/niweshsah/py_trees1_ws/src/build/bookstore_world', 'catkin_cmake_args': None, 'catkin_skip_building_tests': False, 'cmake_args': None, 'cmake_clean_cache': False, 'cmake_clean_first': False, 'cmake_force_configure': False, 'cmake_target': None, 'cmake_target_skip_unavailable': False, 'install_base': '/home/niweshsah/py_trees1_ws/src/install/bookstore_world', 'merge_install': False, 'path': '/home/niweshsah/py_trees1_ws/src/bookstore_world', 'symlink_install': True, 'test_result_base': None}
[2.071s] Level 5:colcon.colcon_core.verb:set package 'my_behavior_tree' build argument 'cmake_args' from command line to 'None'
[2.071s] Level 5:colcon.colcon_core.verb:set package 'my_behavior_tree' build argument 'cmake_target' from command line to 'None'
[2.071s] Level 5:colcon.colcon_core.verb:set package 'my_behavior_tree' build argument 'cmake_target_skip_unavailable' from command line to 'False'
[2.072s] Level 5:colcon.colcon_core.verb:set package 'my_behavior_tree' build argument 'cmake_clean_cache' from command line to 'False'
[2.072s] Level 5:colcon.colcon_core.verb:set package 'my_behavior_tree' build argument 'cmake_clean_first' from command line to 'False'
[2.072s] Level 5:colcon.colcon_core.verb:set package 'my_behavior_tree' build argument 'cmake_force_configure' from command line to 'False'
[2.072s] Level 5:colcon.colcon_core.verb:set package 'my_behavior_tree' build argument 'ament_cmake_args' from command line to 'None'
[2.072s] Level 5:colcon.colcon_core.verb:set package 'my_behavior_tree' build argument 'catkin_cmake_args' from command line to 'None'
[2.072s] Level 5:colcon.colcon_core.verb:set package 'my_behavior_tree' build argument 'catkin_skip_building_tests' from command line to 'False'
[2.072s] DEBUG:colcon.colcon_core.verb:Building package 'my_behavior_tree' with the following arguments: {'ament_cmake_args': None, 'build_base': '/home/niweshsah/py_trees1_ws/src/build/my_behavior_tree', 'catkin_cmake_args': None, 'catkin_skip_building_tests': False, 'cmake_args': None, 'cmake_clean_cache': False, 'cmake_clean_first': False, 'cmake_force_configure': False, 'cmake_target': None, 'cmake_target_skip_unavailable': False, 'install_base': '/home/niweshsah/py_trees1_ws/src/install/my_behavior_tree', 'merge_install': False, 'path': '/home/niweshsah/py_trees1_ws/src/my_behavior_tree', 'symlink_install': True, 'test_result_base': None}
[2.072s] INFO:colcon.colcon_core.executor:Executing jobs using 'parallel' executor
[2.075s] DEBUG:colcon.colcon_parallel_executor.executor.parallel:run_until_complete
[2.075s] INFO:colcon.colcon_ros.task.ament_python.build:Building ROS package in '/home/niweshsah/py_trees1_ws/src/bookstore_world' with build type 'ament_python'
[2.076s] Level 1:colcon.colcon_core.shell:create_environment_hook('bookstore_world', 'ament_prefix_path')
[2.083s] INFO:colcon.colcon_core.plugin_system:Skipping extension 'colcon_core.shell.bat': Not used on non-Windows systems
[2.084s] INFO:colcon.colcon_core.shell:Creating environment hook '/home/niweshsah/py_trees1_ws/src/install/bookstore_world/share/bookstore_world/hook/ament_prefix_path.ps1'
[2.086s] INFO:colcon.colcon_core.shell:Creating environment descriptor '/home/niweshsah/py_trees1_ws/src/install/bookstore_world/share/bookstore_world/hook/ament_prefix_path.dsv'
[2.087s] INFO:colcon.colcon_core.shell:Creating environment hook '/home/niweshsah/py_trees1_ws/src/install/bookstore_world/share/bookstore_world/hook/ament_prefix_path.sh'
[2.091s] INFO:colcon.colcon_core.shell:Skip shell extension 'powershell' for command environment: Not usable outside of PowerShell
[2.091s] DEBUG:colcon.colcon_core.shell:Skip shell extension 'dsv' for command environment
[2.101s] INFO:colcon.colcon_ros.task.ament_python.build:Building ROS package in '/home/niweshsah/py_trees1_ws/src/my_behavior_tree' with build type 'ament_python'
[2.102s] Level 1:colcon.colcon_core.shell:create_environment_hook('my_behavior_tree', 'ament_prefix_path')
[2.103s] INFO:colcon.colcon_core.shell:Creating environment hook '/home/niweshsah/py_trees1_ws/src/install/my_behavior_tree/share/my_behavior_tree/hook/ament_prefix_path.ps1'
[2.104s] INFO:colcon.colcon_core.shell:Creating environment descriptor '/home/niweshsah/py_trees1_ws/src/install/my_behavior_tree/share/my_behavior_tree/hook/ament_prefix_path.dsv'
[2.112s] INFO:colcon.colcon_core.shell:Creating environment hook '/home/niweshsah/py_trees1_ws/src/install/my_behavior_tree/share/my_behavior_tree/hook/ament_prefix_path.sh'
[2.126s] INFO:colcon.colcon_core.shell:Skip shell extension 'powershell' for command environment: Not usable outside of PowerShell
[2.126s] DEBUG:colcon.colcon_core.shell:Skip shell extension 'dsv' for command environment
[3.873s] INFO:colcon.colcon_core.task.python.build:Building Python package in '/home/niweshsah/py_trees1_ws/src/bookstore_world'
[3.875s] INFO:colcon.colcon_core.shell:Skip shell extension 'powershell' for command environment: Not usable outside of PowerShell
[3.875s] DEBUG:colcon.colcon_core.shell:Skip shell extension 'dsv' for command environment
[4.973s] INFO:colcon.colcon_core.task.python.build:Building Python package in '/home/niweshsah/py_trees1_ws/src/my_behavior_tree'
[4.974s] INFO:colcon.colcon_core.shell:Skip shell extension 'powershell' for command environment: Not usable outside of PowerShell
[4.974s] DEBUG:colcon.colcon_core.shell:Skip shell extension 'dsv' for command environment
[6.892s] DEBUG:colcon.colcon_core.event_handler.log_command:Invoking command in '/home/niweshsah/py_trees1_ws/src/build/my_behavior_tree': PYTHONPATH=/home/niweshsah/py_trees1_ws/src/build/my_behavior_tree/prefix_override:/usr/lib/python3/dist-packages/colcon_core/task/python/colcon_distutils_commands:/home/niweshsah/py_trees1_ws/src/install/my_behavior_tree/lib/python3.10/site-packages:${PYTHONPATH} /usr/bin/python3 -W ignore:setup.py install is deprecated -W ignore:easy_install command is deprecated setup.py develop --editable --build-directory /home/niweshsah/py_trees1_ws/src/build/my_behavior_tree/build --no-deps symlink_data
[6.910s] DEBUG:colcon.colcon_core.event_handler.log_command:Invoking command in '/home/niweshsah/py_trees1_ws/src/build/bookstore_world': PYTHONPATH=/home/niweshsah/py_trees1_ws/src/build/bookstore_world/prefix_override:/usr/lib/python3/dist-packages/colcon_core/task/python/colcon_distutils_commands:/home/niweshsah/py_trees1_ws/src/install/bookstore_world/lib/python3.10/site-packages:${PYTHONPATH} /usr/bin/python3 -W ignore:setup.py install is deprecated -W ignore:easy_install command is deprecated setup.py develop --editable --build-directory /home/niweshsah/py_trees1_ws/src/build/bookstore_world/build --no-deps symlink_data
[8.712s] Level 1:colcon.colcon_core.shell:create_environment_hook('my_behavior_tree', 'pythonpath_develop')
[8.713s] INFO:colcon.colcon_core.shell:Creating environment hook '/home/niweshsah/py_trees1_ws/src/build/my_behavior_tree/share/my_behavior_tree/hook/pythonpath_develop.ps1'
[8.714s] INFO:colcon.colcon_core.shell:Creating environment descriptor '/home/niweshsah/py_trees1_ws/src/build/my_behavior_tree/share/my_behavior_tree/hook/pythonpath_develop.dsv'
[8.716s] DEBUG:colcon.colcon_core.event_handler.log_command:Invoked command in '/home/niweshsah/py_trees1_ws/src/build/my_behavior_tree' returned '0': PYTHONPATH=/home/niweshsah/py_trees1_ws/src/build/my_behavior_tree/prefix_override:/usr/lib/python3/dist-packages/colcon_core/task/python/colcon_distutils_commands:/home/niweshsah/py_trees1_ws/src/install/my_behavior_tree/lib/python3.10/site-packages:${PYTHONPATH} /usr/bin/python3 -W ignore:setup.py install is deprecated -W ignore:easy_install command is deprecated setup.py develop --editable --build-directory /home/niweshsah/py_trees1_ws/src/build/my_behavior_tree/build --no-deps symlink_data
[8.726s] INFO:colcon.colcon_core.shell:Creating environment hook '/home/niweshsah/py_trees1_ws/src/build/my_behavior_tree/share/my_behavior_tree/hook/pythonpath_develop.sh'
[8.735s] Level 1:colcon.colcon_core.environment:checking '/home/niweshsah/py_trees1_ws/src/install/my_behavior_tree' for CMake module files
[8.736s] Level 1:colcon.colcon_core.environment:checking '/home/niweshsah/py_trees1_ws/src/install/my_behavior_tree' for CMake config files
[8.737s] Level 1:colcon.colcon_core.environment:checking '/home/niweshsah/py_trees1_ws/src/install/my_behavior_tree/lib'
[8.738s] Level 1:colcon.colcon_core.environment:checking '/home/niweshsah/py_trees1_ws/src/install/my_behavior_tree/bin'
[8.738s] Level 1:colcon.colcon_core.environment:checking '/home/niweshsah/py_trees1_ws/src/install/my_behavior_tree/lib/pkgconfig/my_behavior_tree.pc'
[8.739s] Level 1:colcon.colcon_core.environment:checking '/home/niweshsah/py_trees1_ws/src/install/my_behavior_tree/lib/python3.10/site-packages'
[8.739s] Level 1:colcon.colcon_core.shell:create_environment_hook('my_behavior_tree', 'pythonpath')
[8.739s] INFO:colcon.colcon_core.shell:Creating environment hook '/home/niweshsah/py_trees1_ws/src/install/my_behavior_tree/share/my_behavior_tree/hook/pythonpath.ps1'
[8.742s] INFO:colcon.colcon_core.shell:Creating environment descriptor '/home/niweshsah/py_trees1_ws/src/install/my_behavior_tree/share/my_behavior_tree/hook/pythonpath.dsv'
[8.743s] INFO:colcon.colcon_core.shell:Creating environment hook '/home/niweshsah/py_trees1_ws/src/install/my_behavior_tree/share/my_behavior_tree/hook/pythonpath.sh'
[8.746s] Level 1:colcon.colcon_core.environment:checking '/home/niweshsah/py_trees1_ws/src/install/my_behavior_tree/bin'
[8.746s] Level 1:colcon.colcon_core.environment:create_environment_scripts_only(my_behavior_tree)
[8.747s] INFO:colcon.colcon_core.shell:Creating package script '/home/niweshsah/py_trees1_ws/src/install/my_behavior_tree/share/my_behavior_tree/package.ps1'
[8.751s] INFO:colcon.colcon_core.shell:Creating package descriptor '/home/niweshsah/py_trees1_ws/src/install/my_behavior_tree/share/my_behavior_tree/package.dsv'
[8.752s] INFO:colcon.colcon_core.shell:Creating package script '/home/niweshsah/py_trees1_ws/src/install/my_behavior_tree/share/my_behavior_tree/package.sh'
[8.756s] INFO:colcon.colcon_core.shell:Creating package script '/home/niweshsah/py_trees1_ws/src/install/my_behavior_tree/share/my_behavior_tree/package.bash'
[8.759s] INFO:colcon.colcon_core.shell:Creating package script '/home/niweshsah/py_trees1_ws/src/install/my_behavior_tree/share/my_behavior_tree/package.zsh'
[8.761s] Level 1:colcon.colcon_core.environment:create_file_with_runtime_dependencies(/home/niweshsah/py_trees1_ws/src/install/my_behavior_tree/share/colcon-core/packages/my_behavior_tree)
[8.872s] Level 1:colcon.colcon_core.shell:create_environment_hook('bookstore_world', 'pythonpath_develop')
[8.872s] INFO:colcon.colcon_core.shell:Creating environment hook '/home/niweshsah/py_trees1_ws/src/build/bookstore_world/share/bookstore_world/hook/pythonpath_develop.ps1'
[8.873s] INFO:colcon.colcon_core.shell:Creating environment descriptor '/home/niweshsah/py_trees1_ws/src/build/bookstore_world/share/bookstore_world/hook/pythonpath_develop.dsv'
[8.874s] INFO:colcon.colcon_core.shell:Creating environment hook '/home/niweshsah/py_trees1_ws/src/build/bookstore_world/share/bookstore_world/hook/pythonpath_develop.sh'
[8.876s] Level 1:colcon.colcon_core.environment:checking '/home/niweshsah/py_trees1_ws/src/install/bookstore_world' for CMake module files
[8.877s] Level 1:colcon.colcon_core.environment:checking '/home/niweshsah/py_trees1_ws/src/install/bookstore_world' for CMake config files
[8.878s] Level 1:colcon.colcon_core.environment:checking '/home/niweshsah/py_trees1_ws/src/install/bookstore_world/lib'
[8.878s] Level 1:colcon.colcon_core.environment:checking '/home/niweshsah/py_trees1_ws/src/install/bookstore_world/bin'
[8.878s] Level 1:colcon.colcon_core.environment:checking '/home/niweshsah/py_trees1_ws/src/install/bookstore_world/lib/pkgconfig/bookstore_world.pc'
[8.879s] Level 1:colcon.colcon_core.environment:checking '/home/niweshsah/py_trees1_ws/src/install/bookstore_world/lib/python3.10/site-packages'
[8.881s] Level 1:colcon.colcon_core.shell:create_environment_hook('bookstore_world', 'pythonpath')
[8.881s] DEBUG:colcon.colcon_core.event_handler.log_command:Invoked command in '/home/niweshsah/py_trees1_ws/src/build/bookstore_world' returned '0': PYTHONPATH=/home/niweshsah/py_trees1_ws/src/build/bookstore_world/prefix_override:/usr/lib/python3/dist-packages/colcon_core/task/python/colcon_distutils_commands:/home/niweshsah/py_trees1_ws/src/install/bookstore_world/lib/python3.10/site-packages:${PYTHONPATH} /usr/bin/python3 -W ignore:setup.py install is deprecated -W ignore:easy_install command is deprecated setup.py develop --editable --build-directory /home/niweshsah/py_trees1_ws/src/build/bookstore_world/build --no-deps symlink_data
[8.884s] INFO:colcon.colcon_core.shell:Creating environment hook '/home/niweshsah/py_trees1_ws/src/install/bookstore_world/share/bookstore_world/hook/pythonpath.ps1'
[8.886s] INFO:colcon.colcon_core.shell:Creating environment descriptor '/home/niweshsah/py_trees1_ws/src/install/bookstore_world/share/bookstore_world/hook/pythonpath.dsv'
[8.888s] INFO:colcon.colcon_core.shell:Creating environment hook '/home/niweshsah/py_trees1_ws/src/install/bookstore_world/share/bookstore_world/hook/pythonpath.sh'
[8.890s] Level 1:colcon.colcon_core.environment:checking '/home/niweshsah/py_trees1_ws/src/install/bookstore_world/bin'
[8.891s] Level 1:colcon.colcon_core.environment:create_environment_scripts_only(bookstore_world)
[8.892s] INFO:colcon.colcon_core.shell:Creating package script '/home/niweshsah/py_trees1_ws/src/install/bookstore_world/share/bookstore_world/package.ps1'
[8.894s] INFO:colcon.colcon_core.shell:Creating package descriptor '/home/niweshsah/py_trees1_ws/src/install/bookstore_world/share/bookstore_world/package.dsv'
[8.897s] INFO:colcon.colcon_core.shell:Creating package script '/home/niweshsah/py_trees1_ws/src/install/bookstore_world/share/bookstore_world/package.sh'
[8.898s] INFO:colcon.colcon_core.shell:Creating package script '/home/niweshsah/py_trees1_ws/src/install/bookstore_world/share/bookstore_world/package.bash'
[8.900s] INFO:colcon.colcon_core.shell:Creating package script '/home/niweshsah/py_trees1_ws/src/install/bookstore_world/share/bookstore_world/package.zsh'
[8.902s] Level 1:colcon.colcon_core.environment:create_file_with_runtime_dependencies(/home/niweshsah/py_trees1_ws/src/install/bookstore_world/share/colcon-core/packages/bookstore_world)
[8.906s] DEBUG:colcon.colcon_parallel_executor.executor.parallel:closing loop
[8.907s] DEBUG:colcon.colcon_parallel_executor.executor.parallel:loop closed
[8.908s] DEBUG:colcon.colcon_parallel_executor.executor.parallel:run_until_complete finished with '0'
[8.909s] DEBUG:colcon.colcon_core.event_reactor:joining thread
[8.923s] INFO:colcon.colcon_core.plugin_system:Skipping extension 'colcon_notification.desktop_notification.terminal_notifier': Not used on non-Darwin systems
[8.923s] INFO:colcon.colcon_core.plugin_system:Skipping extension 'colcon_notification.desktop_notification.win32': Not used on non-Windows systems
[8.923s] INFO:colcon.colcon_notification.desktop_notification:Sending desktop notification using 'notify2'
[8.988s] DEBUG:colcon.colcon_core.event_reactor:joined thread
[8.989s] INFO:colcon.colcon_core.shell:Creating prefix script '/home/niweshsah/py_trees1_ws/src/install/local_setup.ps1'
[8.992s] INFO:colcon.colcon_core.shell:Creating prefix util module '/home/niweshsah/py_trees1_ws/src/install/_local_setup_util_ps1.py'
[8.996s] INFO:colcon.colcon_core.shell:Creating prefix chain script '/home/niweshsah/py_trees1_ws/src/install/setup.ps1'
[8.999s] INFO:colcon.colcon_core.shell:Creating prefix script '/home/niweshsah/py_trees1_ws/src/install/local_setup.sh'
[9.001s] INFO:colcon.colcon_core.shell:Creating prefix util module '/home/niweshsah/py_trees1_ws/src/install/_local_setup_util_sh.py'
[9.002s] INFO:colcon.colcon_core.shell:Creating prefix chain script '/home/niweshsah/py_trees1_ws/src/install/setup.sh'
[9.006s] INFO:colcon.colcon_core.shell:Creating prefix script '/home/niweshsah/py_trees1_ws/src/install/local_setup.bash'
[9.007s] INFO:colcon.colcon_core.shell:Creating prefix chain script '/home/niweshsah/py_trees1_ws/src/install/setup.bash'
[9.010s] INFO:colcon.colcon_core.shell:Creating prefix script '/home/niweshsah/py_trees1_ws/src/install/local_setup.zsh'
[9.012s] INFO:colcon.colcon_core.shell:Creating prefix chain script '/home/niweshsah/py_trees1_ws/src/install/setup.zsh'
